<?xml version="1.0" encoding="UTF-8"?>
<!-- Generated by org.testng.reporters.JUnitXMLReporter -->
<testsuite hostname="cod-PC" ignored="0" name="Default test" tests="6" failures="0" timestamp="30 Aug 2017 19:53:38 GMT" time="86.591" errors="0">
  <testcase name="report" time="0.018" classname="testSuite.Sample2"/>
  <testcase name="specification" time="62.915" classname="testSuite.Sample2"/>
  <testcase name="mobileEmulation" time="5.732" classname="testSuite.Sample2"/>
  <testcase name="mobileEmulation" time="5.765" classname="testSuite.Sample2"/>
  <testcase name="mobileEmulation" time="6.399" classname="testSuite.Sample2"/>
  <testcase name="mobileEmulation" time="5.343" classname="testSuite.Sample2"/>
</testsuite> <!-- Default test -->
