<?xml version="1.0" encoding="UTF-8"?>
<!-- Generated by org.testng.reporters.JUnitXMLReporter -->
<testsuite hostname="cod-PC" ignored="0" name="SingleTestIE" tests="1" failures="1" timestamp="21 Aug 2017 16:51:19 GMT" time="1.718" errors="0">
  <testcase name="test" time="1.712" classname="testSuite.SkillAssessmentResponsiveTest">
    <failure type="com.browserstack.local.LocalException" message=" *** Error: Either another browserstack local client is running on your machine or some server is listening on port 45691">
      <![CDATA[com.browserstack.local.LocalException:  *** Error: Either another browserstack local client is running on your machine or some server is listening on port 45691
	at com.browserstack.local.Local.start(Local.java:90)
	at testSuite.SkillAssessmentResponsiveTest.test(SkillAssessmentResponsiveTest.java:67)
... Removed 25 stack frames]]>
    </failure>
  </testcase> <!-- test -->
</testsuite> <!-- SingleTestIE -->
