<?xml version="1.0" encoding="UTF-8"?>
<!-- Generated by org.testng.reporters.JUnitXMLReporter -->
<testsuite hostname="cod-PC" ignored="0" name="Test" tests="16" failures="1" timestamp="20 Aug 2017 20:25:52 GMT" time="24.362" errors="0">
  <testcase name="testCaseTabs" time="4.351" classname="testSuite.SkillAssessmentTest"/>
  <testcase name="testCaseToggle" time="1.005" classname="testSuite.SkillAssessmentTest"/>
  <testcase name="testCaseStructureofGetnewinsurance" time="0.638" classname="testSuite.SkillAssessmentTest"/>
  <testcase name="testCasePrefilledValues" time="0.351" classname="testSuite.SkillAssessmentTest"/>
  <testcase name="testCaseStructureofrenewinsurance" time="0.4" classname="testSuite.SkillAssessmentTest"/>
  <testcase name="testCaseUserNameErrorMessage" time="0.896" classname="testSuite.SkillAssessmentTest"/>
  <testcase name="testCasePhoneNumberErrorMessage" time="0.962" classname="testSuite.SkillAssessmentTest"/>
  <testcase name="testCasePolicyNumberErrorMessage" time="0.431" classname="testSuite.SkillAssessmentTest"/>
  <testcase name="testCaseListOfInsurance" time="1.036" classname="testSuite.SkillAssessmentTest"/>
  <testcase name="testCasedraganddropforsecondinsurance" time="1.392" classname="testSuite.SkillAssessmentTest"/>
  <testcase name="testCaseDragandDrop" time="1.612" classname="testSuite.SkillAssessmentTest"/>
  <testcase name="testBlankPolicyErrorMessage" time="1.108" classname="testSuite.SkillAssessmentTest"/>
  <testcase name="testDisableRenewInsuranceButton" time="0.6" classname="testSuite.SkillAssessmentTest">
    <failure type="java.lang.AssertionError" message="The renew button is enabled. expected [false] but found [true]">
      <![CDATA[java.lang.AssertionError: The renew button is enabled. expected [false] but found [true]
	at testSuite.SkillAssessmentTest.testDisableRenewInsuranceButton(SkillAssessmentTest.java:526)
... Removed 28 stack frames]]>
    </failure>
  </testcase> <!-- testDisableRenewInsuranceButton -->
  <testcase name="checkGetNewInsuranceElements" time="0.351" classname="testSuite.SkillAssessmentTest"/>
  <testcase name="apiTest" time="1.208" classname="testSuite.SkillAssessmentTest"/>
  <testcase name="apiPerformance" time="0.053" classname="testSuite.SkillAssessmentTest"/>
</testsuite> <!-- Test -->
