<?xml version="1.0" encoding="UTF-8"?>
<!-- Generated by org.testng.reporters.JUnitReportReporter -->
<testsuite skipped="0" hostname="cod-PC" name="testSuite.SkillAssessmentTest" tests="21" failures="1" timestamp="21 Aug 2017 20:13:14 GMT" time="37.446" errors="0">
  <testcase name="testCaseTabs" time="3.214" classname="testSuite.SkillAssessmentTest"/>
  <testcase name="testCaseToggle" time="0.495" classname="testSuite.SkillAssessmentTest"/>
  <testcase name="testCaseStructureofGetnewinsurance" time="0.625" classname="testSuite.SkillAssessmentTest"/>
  <testcase name="testCasePrefilledValues" time="0.348" classname="testSuite.SkillAssessmentTest"/>
  <testcase name="testCaseStructureofrenewinsurance" time="0.381" classname="testSuite.SkillAssessmentTest"/>
  <testcase name="testCaseUserNameErrorMessage" time="0.879" classname="testSuite.SkillAssessmentTest"/>
  <testcase name="testCasePhoneNumberErrorMessage" time="0.953" classname="testSuite.SkillAssessmentTest"/>
  <testcase name="testCasePolicyNumberErrorMessage" time="0.418" classname="testSuite.SkillAssessmentTest"/>
  <testcase name="testCaseListOfInsurance" time="1.017" classname="testSuite.SkillAssessmentTest"/>
  <testcase name="testCasedraganddropforsecondinsurance" time="1.637" classname="testSuite.SkillAssessmentTest"/>
  <testcase name="testCaseDragandDrop" time="1.284" classname="testSuite.SkillAssessmentTest"/>
  <testcase name="testBlankPolicyErrorMessage" time="1.104" classname="testSuite.SkillAssessmentTest"/>
  <testcase name="testDisableRenewInsuranceButton" time="0.597" classname="testSuite.SkillAssessmentTest">
    <failure type="java.lang.AssertionError" message="The renew button is enabled. expected [false] but found [true]">
      <![CDATA[java.lang.AssertionError: The renew button is enabled. expected [false] but found [true]
	at org.testng.Assert.fail(Assert.java:93)
	at org.testng.Assert.failNotEquals(Assert.java:512)
	at org.testng.Assert.assertFalse(Assert.java:62)
	at testSuite.SkillAssessmentTest.testDisableRenewInsuranceButton(SkillAssessmentTest.java:497)
	at sun.reflect.NativeMethodAccessorImpl.invoke0(Native Method)
	at sun.reflect.NativeMethodAccessorImpl.invoke(Unknown Source)
	at sun.reflect.DelegatingMethodAccessorImpl.invoke(Unknown Source)
	at java.lang.reflect.Method.invoke(Unknown Source)
	at org.testng.internal.MethodInvocationHelper.invokeMethod(MethodInvocationHelper.java:108)
	at org.testng.internal.Invoker.invokeMethod(Invoker.java:661)
	at org.testng.internal.Invoker.invokeTestMethod(Invoker.java:869)
	at org.testng.internal.Invoker.invokeTestMethods(Invoker.java:1193)
	at org.testng.internal.TestMethodWorker.invokeTestMethods(TestMethodWorker.java:126)
	at org.testng.internal.TestMethodWorker.run(TestMethodWorker.java:109)
	at org.testng.TestRunner.privateRun(TestRunner.java:744)
	at org.testng.TestRunner.run(TestRunner.java:602)
	at org.testng.SuiteRunner.runTest(SuiteRunner.java:380)
	at org.testng.SuiteRunner.runSequentially(SuiteRunner.java:375)
	at org.testng.SuiteRunner.privateRun(SuiteRunner.java:340)
	at org.testng.SuiteRunner.run(SuiteRunner.java:289)
	at org.testng.SuiteRunnerWorker.runSuite(SuiteRunnerWorker.java:52)
	at org.testng.SuiteRunnerWorker.run(SuiteRunnerWorker.java:86)
	at org.testng.TestNG.runSuitesSequentially(TestNG.java:1301)
	at org.testng.TestNG.runSuitesLocally(TestNG.java:1226)
	at org.testng.TestNG.runSuites(TestNG.java:1144)
	at org.testng.TestNG.run(TestNG.java:1115)
	at org.testng.remote.AbstractRemoteTestNG.run(AbstractRemoteTestNG.java:132)
	at org.testng.remote.RemoteTestNG.initAndRun(RemoteTestNG.java:236)
	at org.testng.remote.RemoteTestNG.main(RemoteTestNG.java:81)
]]>
    </failure>
  </testcase> <!-- testDisableRenewInsuranceButton -->
  <testcase name="checkGetNewInsuranceElements" time="0.348" classname="testSuite.SkillAssessmentTest"/>
  <testcase name="apiTest" time="1.349" classname="testSuite.SkillAssessmentTest"/>
  <testcase name="apiPerformance" time="0.063" classname="testSuite.SkillAssessmentTest"/>
  <testcase name="mobileEmulation" time="5.011" classname="testSuite.SkillAssessmentTest"/>
  <testcase name="mobileEmulation" time="5.470" classname="testSuite.SkillAssessmentTest"/>
  <testcase name="mobileEmulation" time="7.419" classname="testSuite.SkillAssessmentTest"/>
  <testcase name="mobileEmulation" time="4.818" classname="testSuite.SkillAssessmentTest"/>
  <testcase name="score" time="0.016" classname="testSuite.SkillAssessmentTest"/>
</testsuite> <!-- testSuite.SkillAssessmentTest -->
