<?xml version="1.0" encoding="UTF-8"?>
<!-- Generated by org.testng.reporters.JUnitReportReporter -->
<testsuite skipped="0" hostname="cod-PC" name="Insurance" tests="5" failures="0" timestamp="10 Aug 2017 18:57:17 GMT" time="0.047" errors="0">
  <testcase name="tso2" time="0.016" classname="Insurance"/>
  <testcase name="score" time="0.031" classname="Insurance"/>
  <testcase name="tso4" time="0.000" classname="Insurance"/>
  <testcase name="tso1" time="0.000" classname="Insurance"/>
  <testcase name="tso3" time="0.000" classname="Insurance"/>
</testsuite> <!-- Insurance -->
